<?xml version="1.0" encoding="UTF-8"?>
<!-- Generated by org.testng.reporters.JUnitReportReporter -->
<testsuite hostname="Md-Enamul-Hoque" name="package1.GitHubJenkinsTest" tests="3" failures="0" timestamp="11 Apr 2016 02:07:01 GMT" time="72.168" errors="0">
  <testcase name="TC1_testOnFaceBook" time="29.348" classname="package1.GitHubJenkinsTest"/>
  <testcase name="TC3_testOnYahoo" time="23.381" classname="package1.GitHubJenkinsTest"/>
  <testcase name="TC2_testOnGoogle" time="19.439" classname="package1.GitHubJenkinsTest"/>
</testsuite> <!-- package1.GitHubJenkinsTest -->
