<?xml version="1.0" encoding="UTF-8"?>
<!-- Generated by org.testng.reporters.JUnitReportReporter -->
<testsuite hostname="Md-Enamul-Hoque" name="package1.GitHubJenkinsTest" tests="3" failures="0" timestamp="14 Mar 2016 01:15:29 GMT" time="93.528" errors="0">
  <testcase name="TC3_testOnYahoo" time="32.575" classname="package1.GitHubJenkinsTest"/>
  <testcase name="TC1_testOnFaceBook" time="31.974" classname="package1.GitHubJenkinsTest"/>
  <testcase name="TC2_testOnGoogle" time="28.979" classname="package1.GitHubJenkinsTest"/>
</testsuite> <!-- package1.GitHubJenkinsTest -->
